--------------------
http://www.csdn.net/
开发微信小程序的必备技能都在这了
http://geek.csdn.net/news/detail/103138
18a7b985950191b27891a24f4b2c5056
--------------------
http://www.csdn.net/
Kubernetes 部署的最佳安全实践
http://geek.csdn.net/news/detail/103017
65b5f7bccb5b40e6b8b10ed8f67c2128
--------------------
http://www.csdn.net/
首个微信小程序开发教程
http://xituqu.com/508.html
a836d38949f7f31a4da0a931532d2dec
--------------------
http://www.csdn.net/
Sublime Text 3 Build 3124发布
http://geek.csdn.net/news/detail/102982
732266733bda569f25a2ed7bd8cbd50a
--------------------
http://www.csdn.net/
为什么人工智能现在这么火？
http://geek.csdn.net/news/detail/102970
d87a5aabf3bd5cfda9414720ba32789c
--------------------
http://www.csdn.net/
眼缘有那么重要？实战解读如何让App靠“脸”吃饭
http://geek.csdn.net/news/detail/102933
7e06973ce2d0eee5663f7e595d8166e3
--------------------
http://www.csdn.net/
一场较真而纯粹的 VR 开发者技术会议
http://geek.csdn.net/news/detail/102911
ff3e4616347f2159152151bab5f80259
--------------------
http://www.csdn.net/
【在线公开课】一万小时Android躲过的“坑”
http://edu.csdn.net/huiyiCourse/detail/197
db46bdd42c8109ae24429da41f5907af
--------------------
http://www.csdn.net/
更多
http://geek.csdn.net
c13bea3f32f1c51e9674b92b3cf5a0db
done
